[0;34m[16:24:05] === 물류타이머 완전 기능 복구 시작 ===[0m
[0;34m[16:24:05] 목표: 원본 Gage R&R 분석 시스템 100% 복원[0m
[0;34m[16:24:06] 시작 시간: Sat Jun  7 16:24:05     2025[0m
[0;34m[16:24:06] === 1단계: 정상 동작하던 커밋 찾기 ===[0m
[0;34m[16:24:06] Git 히스토리 분석 중...[0m
[0;34m[16:24:06] 최근 10개 커밋:[0m
[0;34m[16:24:06] 복구 대상 커밋 발견: 6d555a5[0m
[0;34m[16:24:07] === 2단계: 정상 커밋으로 복원 ===[0m
[0;34m[16:24:07] 현재 상태 백업 브랜치: backup_20250607_162407[0m
[0;34m[16:24:07] 커밋 6d555a5 로 복원 중...[0m
[0;32m[SUCCESS] 소스코드 복원 완료[0m
[0;34m[16:24:08] === 3단계: 502 에러 원인만 선별 수정 ===[0m
[0;34m[16:24:08] package.json start 스크립트 수정...[0m
[0;34m[16:24:09] 현재 start 스크립트: serve -s dist -l ${PORT:-3000[0m
[0;32m[SUCCESS] start 스크립트 Render 호환으로 수정[0m
[0;34m[16:24:10] PostCSS 설정 확인 중...[0m
[0;34m[16:24:12] === 4단계: 의존성 설치 및 빌드 테스트 ===[0m
[0;34m[16:24:14] 의존성 설치 중...[0m
[0;31m[ERROR] 의존성 설치 실패[0m
[1;33m[WARNING] 의존성 문제 해결 시도...[0m
[0;31m[ERROR] 의존성 설치 최종 실패[0m
[0;31m[ERROR] 완전 복구 실패[0m
